<?xml version="1.0" encoding="UTF-8"?>
<testsuite name="Login Test"
           tests="2"
           failures="0"
           errors="0"
           skipped="0"
           time="23.168">
  <properties />
  
  
            <testcase name="verifyProductArrangeInAlphabeticalOrder" time="2.020" classname="com.tutorialninja.testsuite.DesktopTest" />
                <testcase name="verifyProductAddedToShoppingCartSuccessFully" time="21.148" classname="com.tutorialninja.testsuite.DesktopTest" />
      
</testsuite>
